<?xml version="1.0" encoding="UTF-8"?>
<!-- Generated by org.testng.reporters.JUnitReportReporter -->
<testsuite hostname="DESKTOP-CTNIRRU" failures="0" tests="2" name="testNGbasics.DashBoardTest" time="6.613" errors="0" timestamp="2025-01-04T07:53:54 IST" skipped="0">
  <testcase classname="testNGbasics.DashBoardTest" name="getData" time="1.504"/>
  <testcase classname="testNGbasics.DashBoardTest" name="headingTest" time="5.109"/>
</testsuite> <!-- testNGbasics.DashBoardTest -->
