<?xml version="1.0" encoding="UTF-8"?>
<!-- Generated by org.testng.reporters.JUnitReportReporter -->
<testsuite hostname="DESKTOP-CTNIRRU" failures="0" tests="6" name="testNGbasics.Admin" time="1.411" errors="0" timestamp="2025-01-04T07:53:54 IST" skipped="0">
  <testcase classname="testNGbasics.Admin" name="headingTest" time="0.173"/>
  <testcase classname="testNGbasics.Admin" name="headingTest" time="0.109"/>
  <testcase classname="testNGbasics.Admin" name="headingTest" time="0.465"/>
  <testcase classname="testNGbasics.Admin" name="headingTest" time="0.114"/>
  <testcase classname="testNGbasics.Admin" name="getData" time="0.467"/>
  <testcase classname="testNGbasics.Admin" name="headingTest" time="0.083"/>
</testsuite> <!-- testNGbasics.Admin -->
