<?xml version="1.0" encoding="UTF-8"?>
<!-- Generated by org.testng.reporters.JUnitReportReporter -->
<testsuite hostname="DESKTOP-CTNIRRU" failures="0" tests="3" name="testNGbasics.TestNGLearn" time="17.994" errors="0" timestamp="2025-01-04T07:53:54 IST" skipped="0">
  <testcase classname="testNGbasics.TestNGLearn" name="testLearn" time="1.299"/>
  <testcase classname="testNGbasics.TestNGLearn" name="testLearn2" time="11.809"/>
  <testcase classname="testNGbasics.TestNGLearn" name="testLearn1" time="4.886"/>
</testsuite> <!-- testNGbasics.TestNGLearn -->
