<?xml version="1.0" encoding="UTF-8"?>
<!-- Generated by org.testng.reporters.JUnitReportReporter -->
<testsuite hostname="DESKTOP-CTNIRRU" failures="0" tests="1" name="testNGbasics.OrangeHRMLogin" time="5.425" errors="0" timestamp="2024-12-31T07:49:46 IST" skipped="0">
  <testcase classname="testNGbasics.OrangeHRMLogin" name="Login" time="5.425"/>
</testsuite> <!-- testNGbasics.OrangeHRMLogin -->
