<?xml version="1.0" encoding="UTF-8"?>
<!-- Generated by org.testng.reporters.JUnitReportReporter -->
<testsuite hostname="DESKTOP-CTNIRRU" failures="0" tests="2" name="testNGbasics.Leave" time="6.876" errors="0" timestamp="2025-01-04T07:53:54 IST" skipped="0">
  <testcase classname="testNGbasics.Leave" name="getData" time="1.778"/>
  <testcase classname="testNGbasics.Leave" name="headingTest" time="5.098"/>
</testsuite> <!-- testNGbasics.Leave -->
