<?xml version="1.0" encoding="UTF-8"?>
<!-- Generated by org.testng.reporters.JUnitReportReporter -->
<testsuite hostname="DESKTOP-CTNIRRU" failures="0" tests="1" name="testNGbasics.ABC" time="0.002" errors="0" timestamp="2025-01-04T07:53:54 IST" skipped="0">
  <testcase classname="testNGbasics.ABC" name="hello" time="0.002"/>
</testsuite> <!-- testNGbasics.ABC -->
