<?xml version="1.0" encoding="UTF-8"?>
<!-- Generated by org.testng.reporters.JUnitReportReporter -->
<testsuite hostname="DESKTOP-CTNIRRU" failures="0" tests="1" name="re.RestAssuredLearn" time="3.612" errors="0" timestamp="2025-01-21T10:32:26 IST" skipped="0">
  <testcase classname="re.RestAssuredLearn" name="get_calls" time="3.612"/>
</testsuite> <!-- re.RestAssuredLearn -->
