<?xml version="1.0" encoding="UTF-8"?>
<!-- Generated by org.testng.reporters.JUnitReportReporter -->
<testsuite hostname="DESKTOP-CTNIRRU" failures="0" tests="1" name="webElementLearn.AllWebELementMethods" time="11.205" errors="0" timestamp="2025-01-02T08:05:44 IST" skipped="0">
  <testcase classname="webElementLearn.AllWebELementMethods" name="main" time="11.205"/>
</testsuite> <!-- webElementLearn.AllWebELementMethods -->
